C:\USERS\KYUNGLAGKWON\DOCUMENTS\VISUAL STUDIO 2012\PROJECTS\DATASTRUCTURE\POLYNOMIAL\DEBUG\POLYNOMIAL.OBJ
C:\USERS\KYUNGLAGKWON\DOCUMENTS\VISUAL STUDIO 2012\PROJECTS\DATASTRUCTURE\POLYNOMIAL\DEBUG\VC110.PDB
C:\USERS\KYUNGLAGKWON\DOCUMENTS\VISUAL STUDIO 2012\PROJECTS\DATASTRUCTURE\DEBUG\POLYNOMIAL.ILK
C:\USERS\KYUNGLAGKWON\DOCUMENTS\VISUAL STUDIO 2012\PROJECTS\DATASTRUCTURE\DEBUG\POLYNOMIAL.EXE
C:\USERS\KYUNGLAGKWON\DOCUMENTS\VISUAL STUDIO 2012\PROJECTS\DATASTRUCTURE\DEBUG\POLYNOMIAL.PDB
C:\Users\KyunglagKwon\documents\visual studio 2012\Projects\DataStructure\Polynomial\Debug\polynomial.obj
C:\Users\KyunglagKwon\documents\visual studio 2012\Projects\DataStructure\Polynomial\Debug\cl.command.1.tlog
C:\Users\KyunglagKwon\documents\visual studio 2012\Projects\DataStructure\Polynomial\Debug\CL.read.1.tlog
C:\Users\KyunglagKwon\documents\visual studio 2012\Projects\DataStructure\Polynomial\Debug\CL.write.1.tlog
C:\Users\KyunglagKwon\documents\visual studio 2012\Projects\DataStructure\Polynomial\Debug\link-cvtres.read.1.tlog
C:\Users\KyunglagKwon\documents\visual studio 2012\Projects\DataStructure\Polynomial\Debug\link-cvtres.write.1.tlog
C:\Users\KyunglagKwon\documents\visual studio 2012\Projects\DataStructure\Polynomial\Debug\link-rc.read.1.tlog
C:\Users\KyunglagKwon\documents\visual studio 2012\Projects\DataStructure\Polynomial\Debug\link-rc.write.1.tlog
C:\Users\KyunglagKwon\documents\visual studio 2012\Projects\DataStructure\Polynomial\Debug\link.11152-cvtres.read.1.tlog
C:\Users\KyunglagKwon\documents\visual studio 2012\Projects\DataStructure\Polynomial\Debug\link.11152-cvtres.write.1.tlog
C:\Users\KyunglagKwon\documents\visual studio 2012\Projects\DataStructure\Polynomial\Debug\link.11152-rc.read.1.tlog
C:\Users\KyunglagKwon\documents\visual studio 2012\Projects\DataStructure\Polynomial\Debug\link.11152-rc.write.1.tlog
C:\Users\KyunglagKwon\documents\visual studio 2012\Projects\DataStructure\Polynomial\Debug\link.11152.read.1.tlog
C:\Users\KyunglagKwon\documents\visual studio 2012\Projects\DataStructure\Polynomial\Debug\link.11152.write.1.tlog
C:\Users\KyunglagKwon\documents\visual studio 2012\Projects\DataStructure\Polynomial\Debug\link.3092-cvtres.read.1.tlog
C:\Users\KyunglagKwon\documents\visual studio 2012\Projects\DataStructure\Polynomial\Debug\link.3092-cvtres.write.1.tlog
C:\Users\KyunglagKwon\documents\visual studio 2012\Projects\DataStructure\Polynomial\Debug\link.3092-rc.read.1.tlog
C:\Users\KyunglagKwon\documents\visual studio 2012\Projects\DataStructure\Polynomial\Debug\link.3092-rc.write.1.tlog
C:\Users\KyunglagKwon\documents\visual studio 2012\Projects\DataStructure\Polynomial\Debug\link.3092.read.1.tlog
C:\Users\KyunglagKwon\documents\visual studio 2012\Projects\DataStructure\Polynomial\Debug\link.3092.write.1.tlog
C:\Users\KyunglagKwon\documents\visual studio 2012\Projects\DataStructure\Polynomial\Debug\link.6324-cvtres.read.1.tlog
C:\Users\KyunglagKwon\documents\visual studio 2012\Projects\DataStructure\Polynomial\Debug\link.6324-cvtres.write.1.tlog
C:\Users\KyunglagKwon\documents\visual studio 2012\Projects\DataStructure\Polynomial\Debug\link.6324-rc.read.1.tlog
C:\Users\KyunglagKwon\documents\visual studio 2012\Projects\DataStructure\Polynomial\Debug\link.6324-rc.write.1.tlog
C:\Users\KyunglagKwon\documents\visual studio 2012\Projects\DataStructure\Polynomial\Debug\link.6324.read.1.tlog
C:\Users\KyunglagKwon\documents\visual studio 2012\Projects\DataStructure\Polynomial\Debug\link.6324.write.1.tlog
C:\Users\KyunglagKwon\documents\visual studio 2012\Projects\DataStructure\Polynomial\Debug\link.8200-cvtres.read.1.tlog
C:\Users\KyunglagKwon\documents\visual studio 2012\Projects\DataStructure\Polynomial\Debug\link.8200-cvtres.write.1.tlog
C:\Users\KyunglagKwon\documents\visual studio 2012\Projects\DataStructure\Polynomial\Debug\link.8200-rc.read.1.tlog
C:\Users\KyunglagKwon\documents\visual studio 2012\Projects\DataStructure\Polynomial\Debug\link.8200-rc.write.1.tlog
C:\Users\KyunglagKwon\documents\visual studio 2012\Projects\DataStructure\Polynomial\Debug\link.8200.read.1.tlog
C:\Users\KyunglagKwon\documents\visual studio 2012\Projects\DataStructure\Polynomial\Debug\link.8200.write.1.tlog
C:\Users\KyunglagKwon\documents\visual studio 2012\Projects\DataStructure\Polynomial\Debug\link.9632-cvtres.read.1.tlog
C:\Users\KyunglagKwon\documents\visual studio 2012\Projects\DataStructure\Polynomial\Debug\link.9632-cvtres.write.1.tlog
C:\Users\KyunglagKwon\documents\visual studio 2012\Projects\DataStructure\Polynomial\Debug\link.9632-rc.read.1.tlog
C:\Users\KyunglagKwon\documents\visual studio 2012\Projects\DataStructure\Polynomial\Debug\link.9632-rc.write.1.tlog
C:\Users\KyunglagKwon\documents\visual studio 2012\Projects\DataStructure\Polynomial\Debug\link.9632.read.1.tlog
C:\Users\KyunglagKwon\documents\visual studio 2012\Projects\DataStructure\Polynomial\Debug\link.9632.write.1.tlog
C:\Users\KyunglagKwon\documents\visual studio 2012\Projects\DataStructure\Polynomial\Debug\link.9904-cvtres.read.1.tlog
C:\Users\KyunglagKwon\documents\visual studio 2012\Projects\DataStructure\Polynomial\Debug\link.9904-cvtres.write.1.tlog
C:\Users\KyunglagKwon\documents\visual studio 2012\Projects\DataStructure\Polynomial\Debug\link.9904-rc.read.1.tlog
C:\Users\KyunglagKwon\documents\visual studio 2012\Projects\DataStructure\Polynomial\Debug\link.9904-rc.write.1.tlog
C:\Users\KyunglagKwon\documents\visual studio 2012\Projects\DataStructure\Polynomial\Debug\link.9904.read.1.tlog
C:\Users\KyunglagKwon\documents\visual studio 2012\Projects\DataStructure\Polynomial\Debug\link.9904.write.1.tlog
C:\Users\KyunglagKwon\documents\visual studio 2012\Projects\DataStructure\Polynomial\Debug\link.command.1.tlog
C:\Users\KyunglagKwon\documents\visual studio 2012\Projects\DataStructure\Polynomial\Debug\link.read.1.tlog
C:\Users\KyunglagKwon\documents\visual studio 2012\Projects\DataStructure\Polynomial\Debug\link.write.1.tlog
C:\Users\KyunglagKwon\documents\visual studio 2012\Projects\DataStructure\Polynomial\Debug\vc110.idb
C:\Users\KyunglagKwon\documents\visual studio 2012\Projects\DataStructure\Polynomial\Debug\vc110.pdb
C:\Users\KyunglagKwon\documents\visual studio 2012\Projects\DataStructure\Debug\Polynomial.pdb
C:\Users\KyunglagKwon\documents\visual studio 2012\Projects\DataStructure\Debug\Polynomial.exe
C:\Users\KyunglagKwon\documents\visual studio 2012\Projects\DataStructure\Debug\Polynomial.ilk
